Arguments: 
  C:\Program Files\nodejs\node.exe C:\Program Files (x86)\Yarn\bin\yarn.js

PATH: 
  c:\go\bin;C:\Program Files (x86)\Common Files\Oracle\Java\javapath;C:\Windows\system32;C:\Windows;C:\Windows\System32\Wbem;C:\Windows\System32\WindowsPowerShell\v1.0\;C:\Windows\System32\OpenSSH\;C:\Program Files\NVIDIA Corporation\NVIDIA NvDLISR;C:\Program Files\dotnet\;C:\Program Files\Microsoft SQL Server\130\Tools\Binn\;C:\Program Files\Microsoft SQL Server\Client SDK\ODBC\170\Tools\Binn\;C:\WINDOWS\system32;C:\WINDOWS;C:\WINDOWS\System32\Wbem;C:\WINDOWS\System32\WindowsPowerShell\v1.0\;C:\WINDOWS\System32\OpenSSH\;C:\xampp\php;C:\ProgramData\ComposerSetup\bin;C:\Program Files\nodejs\;C:\Program Files (x86)\NVIDIA Corporation\PhysX\Common;C:\Program Files\Git\cmd;C:\Go\bin;C:\Program Files (x86)\Yarn\bin\;C:\Users\Phumo\AppData\Local\Programs\Python\Python38-32\Scripts\;C:\Users\Phumo\AppData\Local\Programs\Python\Python38-32\;C:\Users\Phumo\AppData\Local\Microsoft\WindowsApps;C:\Users\Phumo\AppData\Local\Programs\Microsoft VS Code\bin;C:\Users\Phumo\AppData\Local\GitHubDesktop\bin;C:\Users\Phumo\AppData\Local\atom\bin;C:\Users\Phumo\.dotnet\tools;C:\Users\Phumo\AppData\Local\Microsoft\WindowsApps;C:\Program Files\heroku\bin;C:\Users\Phumo\AppData\Roaming\Composer\vendor\bin;C:\Users\Phumo\AppData\Roaming\npm;C:\Users\Phumo\go\bin;C:\Users\Phumo\AppData\Local\Yarn\bin

Yarn version: 
  1.22.5

Node version: 
  12.16.3

Platform: 
  win32 x64

Trace: 
  Error: getaddrinfo ENOTFOUND registry.yarnpkg.com
      at GetAddrInfoReqWrap.onlookup [as oncomplete] (dns.js:64:26)

npm manifest: 
  {
    "name": "learn-ts",
    "version": "1.0.0",
    "main": "index.ts",
    "license": "MIT",
    "scripts": {
      "dev": "ts-node src/server.ts",
      "test": "jest",
      "build": "tsc --project tsconfig.prod.json",
      "start": "node dist/server.js"
    },
    "devDependencies": {
      "@types/express": "^4.17.8",
      "@types/jest": "^26.0.14",
      "@types/node": "^14.11.1",
      "jest": "^26.4.2",
      "ts-jest": "^26.3.0",
      "ts-node": "^9.0.0",
      "typescript": "^4.0.3"
    },
    "dependencies": {
      "express": "^4.17.1",
      "waait": "^1.0.5"
    }
  }

yarn manifest: 
  No manifest

Lockfile: 
  No lockfile
